[INFO] Scanning for projects...
[INFO] 
[INFO] -----------------------< com.example:sg-housie >------------------------
[INFO] Building sg-housie 0.0.1-SNAPSHOT
[INFO] --------------------------------[ jar ]---------------------------------
[INFO] 
[INFO] >>> spring-boot-maven-plugin:2.2.6.RELEASE:run (default-cli) > test-compile @ sg-housie >>>
[INFO] 
[INFO] --- maven-resources-plugin:3.1.0:resources (default-resources) @ sg-housie ---
[INFO] Using 'UTF-8' encoding to copy filtered resources.
[INFO] Copying 1 resource
[INFO] Copying 3 resources
[INFO] 
[INFO] --- maven-compiler-plugin:3.8.1:compile (default-compile) @ sg-housie ---
[INFO] Changes detected - recompiling the module!
[INFO] Compiling 3 source files to /opt/housie/target/classes
[INFO] 
[INFO] --- maven-resources-plugin:3.1.0:testResources (default-testResources) @ sg-housie ---
[INFO] Using 'UTF-8' encoding to copy filtered resources.
[INFO] skip non existing resourceDirectory /opt/housie/src/test/resources
[INFO] 
[INFO] --- maven-compiler-plugin:3.8.1:testCompile (default-testCompile) @ sg-housie ---
[INFO] No sources to compile
[INFO] 
[INFO] <<< spring-boot-maven-plugin:2.2.6.RELEASE:run (default-cli) < test-compile @ sg-housie <<<
[INFO] 
[INFO] 
[INFO] --- spring-boot-maven-plugin:2.2.6.RELEASE:run (default-cli) @ sg-housie ---
[INFO] Attaching agents: []

  .   ____          _            __ _ _
 /\\ / ___'_ __ _ _(_)_ __  __ _ \ \ \ \
( ( )\___ | '_ | '_| | '_ \/ _` | \ \ \ \
 \\/  ___)| |_)| | | | | || (_| |  ) ) ) )
  '  |____| .__|_| |_|_| |_\__, | / / / /
 =========|_|==============|___/=/_/_/_/
 :: Spring Boot ::        (v2.2.6.RELEASE)

2020-04-11 08:35:24.665  INFO 1899 --- [  restartedMain] c.example.sghousie.SgHousieApplication   : Starting SgHousieApplication on ubuntu-s-1vcpu-1gb-blr1-01 with PID 1899 (/opt/housie/target/classes started by root in /opt/housie)
2020-04-11 08:35:24.670  INFO 1899 --- [  restartedMain] c.example.sghousie.SgHousieApplication   : No active profile set, falling back to default profiles: default
2020-04-11 08:35:24.784  INFO 1899 --- [  restartedMain] .e.DevToolsPropertyDefaultsPostProcessor : Devtools property defaults active! Set 'spring.devtools.add-properties' to 'false' to disable
2020-04-11 08:35:24.784  INFO 1899 --- [  restartedMain] .e.DevToolsPropertyDefaultsPostProcessor : For additional web related logging consider setting the 'logging.level.web' property to 'DEBUG'
2020-04-11 08:35:26.509  INFO 1899 --- [  restartedMain] o.s.b.w.embedded.tomcat.TomcatWebServer  : Tomcat initialized with port(s): 8080 (http)
2020-04-11 08:35:26.521  INFO 1899 --- [  restartedMain] o.apache.catalina.core.StandardService   : Starting service [Tomcat]
2020-04-11 08:35:26.522  INFO 1899 --- [  restartedMain] org.apache.catalina.core.StandardEngine  : Starting Servlet engine: [Apache Tomcat/9.0.33]
2020-04-11 08:35:26.636  INFO 1899 --- [  restartedMain] o.a.c.c.C.[Tomcat].[localhost].[/]       : Initializing Spring embedded WebApplicationContext
2020-04-11 08:35:26.637  INFO 1899 --- [  restartedMain] o.s.web.context.ContextLoader            : Root WebApplicationContext: initialization completed in 1853 ms
2020-04-11 08:35:27.368  INFO 1899 --- [  restartedMain] o.s.s.concurrent.ThreadPoolTaskExecutor  : Initializing ExecutorService 'applicationTaskExecutor'
2020-04-11 08:35:27.461  INFO 1899 --- [  restartedMain] o.s.b.a.w.s.WelcomePageHandlerMapping    : Adding welcome page: class path resource [public/index.html]
2020-04-11 08:35:27.581  INFO 1899 --- [  restartedMain] o.s.b.d.a.OptionalLiveReloadServer       : LiveReload server is running on port 35729
2020-04-11 08:35:27.646  INFO 1899 --- [  restartedMain] o.s.b.w.embedded.tomcat.TomcatWebServer  : Tomcat started on port(s): 8080 (http) with context path ''
2020-04-11 08:35:27.655  INFO 1899 --- [  restartedMain] c.example.sghousie.SgHousieApplication   : Started SgHousieApplication in 3.611 seconds (JVM running for 4.419)
2020-04-11 08:36:19.535  INFO 1899 --- [nio-8080-exec-1] o.a.c.c.C.[Tomcat].[localhost].[/]       : Initializing Spring DispatcherServlet 'dispatcherServlet'
2020-04-11 08:36:19.536  INFO 1899 --- [nio-8080-exec-1] o.s.web.servlet.DispatcherServlet        : Initializing Servlet 'dispatcherServlet'
2020-04-11 08:36:19.542  INFO 1899 --- [nio-8080-exec-1] o.s.web.servlet.DispatcherServlet        : Completed initialization in 6 ms
------ adding number : 1------
[1]
------ adding number : 5------
[1, 5]
------ adding number : 67------
[1, 5, 67]
------ adding number : 78------
[1, 5, 67, 78]
2020-04-11 08:38:26.408  INFO 1899 --- [extShutdownHook] o.s.s.concurrent.ThreadPoolTaskExecutor  : Shutting down ExecutorService 'applicationTaskExecutor'
[INFO] ------------------------------------------------------------------------
[INFO] BUILD FAILURE
[INFO] 